<?xml version="1.0" encoding="UTF-8"?>
<!-- Generated by org.testng.reporters.JUnitReportReporter -->
<testsuite skipped="0" hostname="LAPTOP-FHVIN2VS" name="com.qa.hubspot.tests.LoginPageTest" tests="3" failures="0" timestamp="29 May 2022 23:27:00 GMT" time="1.739" errors="0">
  <testcase name="verifySignUpLinkTest" time="1.453" classname="com.qa.hubspot.tests.LoginPageTest"/>
  <testcase name="verifyLoginPageTitleTest" time="0.027" classname="com.qa.hubspot.tests.LoginPageTest"/>
  <testcase name="loginTest" time="0.259" classname="com.qa.hubspot.tests.LoginPageTest"/>
</testsuite> <!-- com.qa.hubspot.tests.LoginPageTest -->
