<?xml version="1.0" encoding="UTF-8"?>
<!-- Generated by org.testng.reporters.JUnitReportReporter -->
<testsuite skipped="0" hostname="LAPTOP-FHVIN2VS" name="com.qa.hubspot.tests.ContactsPageTest" tests="4" failures="0" timestamp="29 May 2022 23:27:00 GMT" time="7.457" errors="0">
  <testcase name="verifyContactsPageTitleTest" time="0.029" classname="com.qa.hubspot.tests.ContactsPageTest"/>
  <testcase name="verifyContactsPageHeaderTest" time="0.034" classname="com.qa.hubspot.tests.ContactsPageTest"/>
  <testcase name="createNewContactTest" time="2.169" classname="com.qa.hubspot.tests.ContactsPageTest"/>
  <testcase name="deleteAllContacts" time="5.225" classname="com.qa.hubspot.tests.ContactsPageTest"/>
</testsuite> <!-- com.qa.hubspot.tests.ContactsPageTest -->
